0 info it worked if it ends with ok
1 verbose cli [ '/home/mkarpinsky/.nvm/v0.12.7/bin/node',
1 verbose cli   '/home/mkarpinsky/.nvm/v0.12.7/bin/npm',
1 verbose cli   'publish' ]
2 info using npm@2.11.3
3 info using node@v0.12.7
4 verbose publish [ '.' ]
5 silly cache add args [ '.', null ]
6 verbose cache add spec .
7 silly cache add parsed spec { raw: '.',
7 silly cache add   scope: null,
7 silly cache add   name: null,
7 silly cache add   rawSpec: '.',
7 silly cache add   spec: '/home/mkarpinsky/projects/tv-css-file-rules-webpack-separator',
7 silly cache add   type: 'directory' }
8 verbose addLocalDirectory /home/mkarpinsky/.npm/css-file-rules-webpack-separator/0.0.1/package.tgz not in flight; packing
9 verbose tar pack [ '/home/mkarpinsky/.npm/css-file-rules-webpack-separator/0.0.1/package.tgz',
9 verbose tar pack   '/home/mkarpinsky/projects/tv-css-file-rules-webpack-separator' ]
10 verbose tarball /home/mkarpinsky/.npm/css-file-rules-webpack-separator/0.0.1/package.tgz
11 verbose folder /home/mkarpinsky/projects/tv-css-file-rules-webpack-separator
12 info prepublish css-file-rules-webpack-separator@0.0.1
13 verbose addLocalTarball adding from inside cache /home/mkarpinsky/.npm/css-file-rules-webpack-separator/0.0.1/package.tgz
14 silly cache afterAdd css-file-rules-webpack-separator@0.0.1
15 verbose afterAdd /home/mkarpinsky/.npm/css-file-rules-webpack-separator/0.0.1/package/package.json not in flight; writing
16 verbose afterAdd /home/mkarpinsky/.npm/css-file-rules-webpack-separator/0.0.1/package/package.json written
17 silly publish { name: 'css-file-rules-webpack-separator',
17 silly publish   version: '0.0.1',
17 silly publish   author: { name: 'Maxim Karpinskiy Karpinski20@gmail.com' },
17 silly publish   description: 'Webpack plugin for separating css files if there are more than 4096 rules',
17 silly publish   main: 'index.js',
17 silly publish   keywords: [ 'webpack', 'css', 'ie9' ],
17 silly publish   repository:
17 silly publish    { type: 'git',
17 silly publish      url: 'git+https://github.com/ONE001/css-file-rules-webpack-separator.git' },
17 silly publish   license: 'MIT',
17 silly publish   dependencies: { bless: '^3.0.3', webpack: '^1.10.1' },
17 silly publish   readme: '# css-file-rules-webpack-separator\n\n```\nnpm install css-file-rules-webpack-separator --save-dev\n```\n\n```\nrequire(\'css-file-rules-webpack-separator\')\n\n{\n  ...\n  plugins: [\n    new CssFileRulesSeparator()\n  ],\n  ...\n}\n```\n',
17 silly publish   readmeFilename: 'README.md',
17 silly publish   gitHead: '5efcc7af31a4dadf6fc52c86ec5565e0061c576d',
17 silly publish   bugs: { url: 'https://github.com/ONE001/css-file-rules-webpack-separator/issues' },
17 silly publish   homepage: 'https://github.com/ONE001/css-file-rules-webpack-separator#readme',
17 silly publish   _id: 'css-file-rules-webpack-separator@0.0.1',
17 silly publish   scripts: {},
17 silly publish   _shasum: '24b72336fd7c38b969c74498e338dfda14a8cc99',
17 silly publish   _from: '.' }
18 verbose getPublishConfig undefined
19 silly mapToRegistry name css-file-rules-webpack-separator
20 silly mapToRegistry using default registry
21 silly mapToRegistry registry https://registry.npmjs.org/
22 silly mapToRegistry uri https://registry.npmjs.org/css-file-rules-webpack-separator
23 verbose publish registryBase https://registry.npmjs.org/
24 silly publish uploading /home/mkarpinsky/.npm/css-file-rules-webpack-separator/0.0.1/package.tgz
25 verbose request uri https://registry.npmjs.org/css-file-rules-webpack-separator
26 verbose request sending authorization for write operation
27 info attempt registry request try #1 at 10:19:57 AM
28 verbose request using bearer token for auth
29 verbose request id 10bc2f82bea45959
30 http request PUT https://registry.npmjs.org/css-file-rules-webpack-separator
31 http 403 https://registry.npmjs.org/css-file-rules-webpack-separator
32 verbose headers { 'content-type': 'application/json',
32 verbose headers   'cache-control': 'max-age=300',
32 verbose headers   'content-length': '95',
32 verbose headers   'accept-ranges': 'bytes',
32 verbose headers   date: 'Thu, 21 Jan 2016 07:19:58 GMT',
32 verbose headers   via: '1.1 varnish',
32 verbose headers   connection: 'keep-alive',
32 verbose headers   'x-served-by': 'cache-ams4148-AMS',
32 verbose headers   'x-cache': 'MISS',
32 verbose headers   'x-cache-hits': '0',
32 verbose headers   'x-timer': 'S1453360797.579978,VS0,VE1023' }
33 verbose request invalidating /home/mkarpinsky/.npm/registry.npmjs.org/css-file-rules-webpack-separator on PUT
34 error publish Failed PUT 403
35 verbose stack Error: "You cannot publish over the previously published version 0.0.1." : css-file-rules-webpack-separator
35 verbose stack     at CachingRegistryClient.<anonymous> (/home/mkarpinsky/.nvm/v0.12.7/lib/node_modules/npm/node_modules/npm-registry-client/lib/request.js:247:14)
35 verbose stack     at Request._callback (/home/mkarpinsky/.nvm/v0.12.7/lib/node_modules/npm/node_modules/npm-registry-client/lib/request.js:170:14)
35 verbose stack     at Request.self.callback (/home/mkarpinsky/.nvm/v0.12.7/lib/node_modules/npm/node_modules/request/request.js:354:22)
35 verbose stack     at Request.emit (events.js:110:17)
35 verbose stack     at Request.<anonymous> (/home/mkarpinsky/.nvm/v0.12.7/lib/node_modules/npm/node_modules/request/request.js:1207:14)
35 verbose stack     at Request.emit (events.js:129:20)
35 verbose stack     at IncomingMessage.<anonymous> (/home/mkarpinsky/.nvm/v0.12.7/lib/node_modules/npm/node_modules/request/request.js:1153:12)
35 verbose stack     at IncomingMessage.emit (events.js:129:20)
35 verbose stack     at _stream_readable.js:908:16
35 verbose stack     at process._tickCallback (node.js:355:11)
36 verbose statusCode 403
37 verbose pkgid css-file-rules-webpack-separator
38 verbose cwd /home/mkarpinsky/projects/tv-css-file-rules-webpack-separator
39 error Linux 3.19.0-47-generic
40 error argv "/home/mkarpinsky/.nvm/v0.12.7/bin/node" "/home/mkarpinsky/.nvm/v0.12.7/bin/npm" "publish"
41 error node v0.12.7
42 error npm  v2.11.3
43 error code E403
44 error "You cannot publish over the previously published version 0.0.1." : css-file-rules-webpack-separator
45 error If you need help, you may report this error at:
45 error     <https://github.com/npm/npm/issues>
46 verbose exit [ 1, true ]
